
=== [1] limitador da porta Toyota Corolla 2008 1.6 16V — 29/03/2026, 20:24:50 ===
  ML_RESULTS SALVOS: NENHUM (vazio ou não existe)
  TOP_3_MARCAS (dados brutos da IA):
    [0] marca: Febi Bilstein | cod: 46688 | TERMO_ML: "limitador porta corolla febi"
    [1] marca: Dorman | cod: 924-118 | TERMO_ML: "limitador porta corolla dorman"
    [2] marca: Japanparts | cod: FD-214 | TERMO_ML: "limitador porta corolla japanparts"
  OEM: 68610-02050
  Veiculo: Toyota Corolla Sedã (E140/E150) 2008 1.6 16V

=== [2] capo  Volkswagen Saveiro 2011 1.6 VHT — 29/03/2026, 20:02:52 ===
  ML_RESULTS SALVOS: NENHUM (vazio ou não existe)
  TOP_3_MARCAS (dados brutos da IA):
    [0] marca: Fitam | cod: F-5U0823031C | TERMO_ML: "capo saveiro fitam"
    [1] marca: Metalgas | cod: M-5U0823031C | TERMO_ML: "capo saveiro metalgas"
    [2] marca: TYC | cod: TYC-5U0823031C | TERMO_ML: "capo saveiro tyc"
  OEM: 5U0823031C
  Veiculo: Volkswagen Saveiro G5 1.6 VHT (2011)

=== [3] capo  Volkswagen Saveiro 2011 1.6 VHT — 29/03/2026, 11:50:19 ===
  ML_RESULTS SALVOS: NENHUM (vazio ou não existe)
  TOP_3_MARCAS (dados brutos da IA):
    [0] marca: FITAM | cod: FITAM 5U7823031A | TERMO_ML: "capo saveiro fitam"
    [1] marca: IGASA | cod: IGASA 5U7823031A | TERMO_ML: "capo saveiro igasa"
    [2] marca: DTS | cod: DTS 5U7823031A | TERMO_ML: "capo saveiro dts"
  OEM: 5U7823031A
  Veiculo: Volkswagen Saveiro G5 (2011) - 1.6 VHT

=== [4] PArachoque dianteiro completo  Volkswagen Saveiro 2011 1.6 VHT — 29/03/2026, 11:49:04 ===
  ML_RESULTS SALVOS: NENHUM (vazio ou não existe)
  TOP_3_MARCAS (dados brutos da IA):
    [0] marca: BLAAX | cod: BLX-5U7807217A | TERMO_ML: "parachoque saveiro blaax"
    [1] marca: FITTIPALDI | cod: FVW01026 | TERMO_ML: "parachoque saveiro fittipaldi"
    [2] marca: SP ACESSÓRIOS | cod: SPA-5U7807217A | TERMO_ML: "parachoque saveiro spa"
  OEM: 5U7807217A GRU
  Veiculo: Volkswagen Saveiro G5 Cabine Simples/Estendida (2011) - Motor 1.6 VHT

=== [5] PArachoque dianteiro completo  Volkswagen Saveiro 2011 1.6 VHT — 29/03/2026, 08:02:20 ===
  ML_RESULTS SALVOS: NENHUM (vazio ou não existe)
  TOP_3_MARCAS (dados brutos da IA):
    [0] marca: FITAM | cod: FT80706221 | TERMO_ML: "parachoque saveiro fitam"
    [1] marca: BLAW | cod: BL5U0807221 | TERMO_ML: "parachoque saveiro blaw"
    [2] marca: IGASA | cod: IGASA5U0807221 | TERMO_ML: "parachoque saveiro igasa"
  OEM: 5U0807221
  Veiculo: Volkswagen Saveiro G5 2011 1.6 VHT

=== [6] PArachoque dianteiro completo  Volkswagen SpaceCross 2011 1.6 8V — 29/03/2026, 08:01:07 ===
  ML_RESULTS SALVOS: NENHUM (vazio ou não existe)
  TOP_3_MARCAS (dados brutos da IA):
    [0] marca: FITAM | cod: 5Z4807217B | TERMO_ML: "parachoque spacecross fitam"
    [1] marca: DPF | cod: 5Z4807217B | TERMO_ML: "parachoque spacecross dpf"
    [2] marca: AUTO PLAS | cod: 5Z4807217B | TERMO_ML: "parachoque spacecross autoplas"
  OEM: 5Z4807217B
  Veiculo: Volkswagen SpaceCross 1.6 8V (GII) 2011
