Data: 31/03/2026, 09:07:53
Query: Busca por Imagem
Peça: Tampa da Caixa do Filtro de Ar | OEM: 2QB 129 509
Explicativo: Componente superior que sela a caixa do filtro de ar, protegendo o elemento filtrante contra sujeira, umidade e detritos, garantindo que o ar de admissão para o motor seja devidamente filtrado. Sua integridade é essencial para o funcionamento eficiente do sistema de admissão. ATENÇÃO: Busca genérica. Especifique modelo, ano e motor para código exato.
 [1] Marca: DS Componentes Automotivos | Cod: DS 4443 | Termo: tampa filtro ar polo ds
 [2] Marca: Mancar | Cod: MN-7856 | Termo: tampa filtro ar polo mancar
 [3] Marca: Valclei | Cod: VC-3210 | Termo: tampa filtro ar polo valclei
------------------------
Data: 29/03/2026, 22:18:46
Query: Rolamento Palio 1.4 attractive 2010
Peça: Rolamento de Roda Dianteiro | OEM: 51745749
Explicativo: O rolamento de roda dianteiro é um componente crucial que permite o giro suave da roda e suporta o peso do veículo, garantindo segurança e estabilidade na direção. O desgaste pode causar ruído, vibração e comprometer a dirigibilidade, sendo essencial sua substituição preventiva. ATENÇÃO: A pesquisa por 'rolamento' é genérica. Para este veículo, assumimos 'Rolamento de Roda Dianteiro'. Para outros tipos de rolamentos (ex: caixa de câmbio, motor, etc.), por favor, especifique sua busca.
 [1] Marca: SKF | Cod: VKBC 20003 | Termo: rolamento palio skf
 [2] Marca: FAG | Cod: 713690620 | Termo: rolamento palio fag
 [3] Marca: NTN-SNR | Cod: R170.01 | Termo: rolamento palio ntn
------------------------
Data: 29/03/2026, 22:05:26
Query: farois com led ford focus 2017 
Peça: Farol Dianteiro com LED | OEM: farois com led ford focus 2017 
Explicativo: Conjunto do farol dianteiro completo com tecnologia LED, incluindo luz diurna (DRL) e luzes de posição, para Ford Focus de 2015 a 2018 (Geração Mk3 Facelift). Essencial verificar o chicote elétrico e a compatibilidade com a versão específica do veículo (ex: SE, Titanium).
 [1] Marca: DEPO | Cod: Consultar fornecedor | Termo: Farol dianteiro com Focus Mk3 2017 DEPO
 [2] Marca: TYC | Cod: Consultar fornecedor | Termo: Farol dianteiro com Focus Mk3 2017 TYC
 [3] Marca: Hella | Cod: Consultar fornecedor | Termo: Farol dianteiro com Focus Mk3 2017 Hella
------------------------
Data: 29/03/2026, 22:03:46
Query: reservatorio de agua radiador ford focus 2017 
Peça: Reservatório de Expansão do Radiador | OEM: reservatorio de agua radiador ford focus 2017 
Explicativo: Componente do sistema de arrefecimento que armazena o excesso de líquido de arrefecimento, permitindo a expansão e contração térmica do fluido sem perdas. Garante o nível adequado do líquido no sistema. Compatível com Ford Focus Geração 3 (Mk3) fabricado a partir de 2011, incluindo o ano 2017, com motores 1.6L e 2.0L.
 [1] Marca: FLÓRIO | Cod: R-5089 | Termo: Reservatório de Expansão Focus Mk3 2017 FLÓRIO
 [2] Marca: GONEL | Cod: G-1065 | Termo: Reservatório de Expansão Focus Mk3 2017 GONEL
 [3] Marca: VALCLEI | Cod: VC-110 | Termo: Reservatório de Expansão Focus Mk3 2017 VALCLEI
------------------------
Data: 29/03/2026, 21:57:05
Query: capo  Volkswagen Saveiro 2011 1.6 VHT
Peça: Capô dianteiro | OEM: 5U7823301
Explicativo: O capô é o painel metálico que cobre o compartimento do motor na parte frontal do veículo. Ele protege o motor e outros componentes internos contra intempéries, sujeira e acessos indesejados, além de contribuir para a aerodinâmica e estética do carro. Este capô é compatível com a plataforma PQ25, englobando a geração G5 e algumas versões posteriores (G6, G7, G8) da Saveiro. Pequenas diferenças estéticas podem existir entre as versões, mas a estrutura de encaixe permanece similar.
 [1] Marca: BLAWAT | Cod: Consultar fornecedor | Termo: 5U7823301 BLAWAT
 [2] Marca: FIT (Importado) | Cod: Consultar fornecedor | Termo: 5U7823301 FIT (Importado)
 [3] Marca: FK (Fábrica de Carrocerias e Componentes) | Cod: Consultar fornecedor | Termo: 5U7823301 FK (Fábrica de Carrocerias e Componentes)
------------------------
